<?xml version="1.0" encoding="UTF-8"?>
<!-- Generated by org.testng.reporters.JUnitReportReporter -->
<testsuite hostname="LAPTOP-621A1SJ5" failures="0" tests="2" name="rahulshettyacademy.tests.ErrorValidationsTest" time="9.165" errors="0" timestamp="29 Sept 2024 10:37:35 GMT" skipped="0">
  <testcase classname="rahulshettyacademy.tests.ErrorValidationsTest" name="ProductErrorValidation" time="4.914"/>
  <testcase classname="rahulshettyacademy.tests.ErrorValidationsTest" name="LoginErrorValidation" time="4.251"/>
</testsuite> <!-- rahulshettyacademy.tests.ErrorValidationsTest -->
