<?xml version="1.0" encoding="UTF-8"?>
<!-- Generated by org.testng.reporters.JUnitReportReporter -->
<testsuite hostname="LAPTOP-621A1SJ5" failures="0" tests="2" name="rahulshettyacademy.tests.SubmitOrderTest" time="14.570" errors="0" timestamp="29 Sept 2024 11:13:09 GMT" skipped="0">
  <testcase classname="rahulshettyacademy.tests.SubmitOrderTest" name="submitOrder" time="7.059"/>
  <testcase classname="rahulshettyacademy.tests.SubmitOrderTest" name="submitOrder" time="7.511"/>
</testsuite> <!-- rahulshettyacademy.tests.SubmitOrderTest -->
