<?xml version="1.0" encoding="UTF-8"?>
<!-- Generated by org.testng.reporters.JUnitReportReporter -->
<testsuite hostname="LAPTOP-621A1SJ5" failures="0" tests="1" name="rahulshettyacademy.tests.ErrorValidationsTest" time="7.248" errors="0" timestamp="29 Sept 2024 11:28:53 GMT" skipped="0">
  <testcase classname="rahulshettyacademy.tests.ErrorValidationsTest" name="LoginErrorValidation" time="7.248"/>
</testsuite> <!-- rahulshettyacademy.tests.ErrorValidationsTest -->
